<?xml version="1.0" encoding="UTF-8"?>
<!-- Generated by org.testng.reporters.JUnitXMLReporter -->
<testsuite hostname="SHUSSHANTH-PC" ignored="0" name="Default test" tests="9" failures="0" timestamp="18 Apr 2017 08:53:59 GMT" time="95.759" errors="0">
  <testcase name="CreateLeadTest" time="0.063" classname="com.ddf.zoho.testcases.LeadTest">
    <skipped/>
  </testcase> <!-- CreateLeadTest -->
  <testcase name="CreateLeadTest" time="0.063" classname="com.ddf.zoho.testcases.LeadTest">
    <skipped/>
  </testcase> <!-- CreateLeadTest -->
  <testcase name="CreateLeadTest" time="0.061" classname="com.ddf.zoho.testcases.LeadTest">
    <skipped/>
  </testcase> <!-- CreateLeadTest -->
  <testcase name="CreateLeadTest" time="88.004" classname="com.ddf.zoho.testcases.LeadTest"/>
  <testcase name="ConvertLeadTest" time="0.009" classname="com.ddf.zoho.testcases.LeadTest">
    <skipped/>
  </testcase> <!-- ConvertLeadTest -->
  <testcase name="ConvertLeadTest" time="0.011" classname="com.ddf.zoho.testcases.LeadTest">
    <skipped/>
  </testcase> <!-- ConvertLeadTest -->
  <testcase name="ConvertLeadTest" time="0.017" classname="com.ddf.zoho.testcases.LeadTest">
    <skipped/>
  </testcase> <!-- ConvertLeadTest -->
  <testcase name="ConvertLeadTest" time="0.021" classname="com.ddf.zoho.testcases.LeadTest">
    <skipped/>
  </testcase> <!-- ConvertLeadTest -->
  <testcase name="DeleteLeadAccountTest" time="0.008" classname="com.ddf.zoho.testcases.LeadTest">
    <skipped/>
  </testcase> <!-- DeleteLeadAccountTest -->
</testsuite> <!-- Default test -->
