<?xml version="1.0" encoding="UTF-8"?>
<!-- Generated by org.testng.reporters.JUnitXMLReporter -->
<testsuite hostname="SHUSSHANTH-PC" ignored="0" name="Deals Test" tests="2" failures="0" timestamp="23 Apr 2017 07:28:14 GMT" time="9.242" errors="0">
  <testcase name="CreateDealTest" time="0.131" classname="com.ddf.zoho.testcases.DealsTest">
    <skipped/>
  </testcase> <!-- CreateDealTest -->
  <testcase name="DeleteDealTest" time="0.234" classname="com.ddf.zoho.testcases.DealsTest"/>
</testsuite> <!-- Deals Test -->
