<?xml version="1.0" encoding="UTF-8"?>
<!-- Generated by org.testng.reporters.JUnitXMLReporter -->
<testsuite hostname="SHUSSHANTH-PC" ignored="0" name="Lead Test" tests="9" failures="0" timestamp="23 Apr 2017 07:28:15 GMT" time="10.32" errors="0">
  <testcase name="CreateLeadTest" time="0.142" classname="com.ddf.zoho.testcases.LeadTest">
    <skipped/>
  </testcase> <!-- CreateLeadTest -->
  <testcase name="CreateLeadTest" time="0.182" classname="com.ddf.zoho.testcases.LeadTest">
    <skipped/>
  </testcase> <!-- CreateLeadTest -->
  <testcase name="CreateLeadTest" time="0.142" classname="com.ddf.zoho.testcases.LeadTest">
    <skipped/>
  </testcase> <!-- CreateLeadTest -->
  <testcase name="CreateLeadTest" time="0.146" classname="com.ddf.zoho.testcases.LeadTest">
    <skipped/>
  </testcase> <!-- CreateLeadTest -->
  <testcase name="ConvertLeadTest" time="0.241" classname="com.ddf.zoho.testcases.LeadTest">
    <skipped/>
  </testcase> <!-- ConvertLeadTest -->
  <testcase name="ConvertLeadTest" time="0.248" classname="com.ddf.zoho.testcases.LeadTest">
    <skipped/>
  </testcase> <!-- ConvertLeadTest -->
  <testcase name="ConvertLeadTest" time="0.257" classname="com.ddf.zoho.testcases.LeadTest">
    <skipped/>
  </testcase> <!-- ConvertLeadTest -->
  <testcase name="ConvertLeadTest" time="0.276" classname="com.ddf.zoho.testcases.LeadTest">
    <skipped/>
  </testcase> <!-- ConvertLeadTest -->
  <testcase name="DeleteLeadAccountTest" time="0.008" classname="com.ddf.zoho.testcases.LeadTest">
    <skipped/>
  </testcase> <!-- DeleteLeadAccountTest -->
</testsuite> <!-- Lead Test -->
