<?xml version="1.0" encoding="UTF-8"?>
<!-- Generated by org.testng.reporters.JUnitXMLReporter -->
<testsuite hostname="SHUSSHANTH-PC" ignored="0" name="Login Test" tests="2" failures="0" timestamp="23 Apr 2017 07:28:14 GMT" time="9.459" errors="0">
  <testcase name="doLoginTest" time="0.188" classname="com.ddf.zoho.testcases.Logintest">
    <skipped/>
  </testcase> <!-- doLoginTest -->
  <testcase name="doLoginTest" time="0.203" classname="com.ddf.zoho.testcases.Logintest">
    <skipped/>
  </testcase> <!-- doLoginTest -->
</testsuite> <!-- Login Test -->
