<?xml version="1.0" encoding="UTF-8"?>
<!-- Generated by org.testng.reporters.JUnitXMLReporter -->
<testsuite hostname="SHUSSHANTH-PC" ignored="0" name="Test" tests="13" failures="1" timestamp="14 Apr 2017 16:13:58 GMT" time="6.375" errors="0">
  <testcase name="doLoginTest" time="0.044" classname="com.ddf.zoho.testcases.Logintest">
    <skipped/>
  </testcase> <!-- doLoginTest -->
  <testcase name="doLoginTest" time="1.101" classname="com.ddf.zoho.testcases.Logintest">
    <failure type="java.lang.NoSuchMethodError" message="com.google.common.base.Preconditions.checkArgument(ZLjava/lang/String;Ljava/lang/Object;Ljava/lang/Object;Ljava/lang/Object;)V">
      <![CDATA[java.lang.NoSuchMethodError: com.google.common.base.Preconditions.checkArgument(ZLjava/lang/String;Ljava/lang/Object;Ljava/lang/Object;Ljava/lang/Object;)V
	at org.openqa.selenium.firefox.Preferences.checkPreference(Preferences.java:225)
	at org.openqa.selenium.firefox.Preferences.setPreference(Preferences.java:155)
	at org.openqa.selenium.firefox.Preferences.setPreference(Preferences.java:126)
	at org.openqa.selenium.firefox.Preferences.readDefaultPreferences(Preferences.java:105)
	at org.openqa.selenium.firefox.Preferences.<init>(Preferences.java:66)
	at org.openqa.selenium.firefox.FirefoxProfile.<init>(FirefoxProfile.java:84)
	at org.openqa.selenium.firefox.FirefoxProfile.<init>(FirefoxProfile.java:74)
	at org.openqa.selenium.firefox.FirefoxProfile.<init>(FirefoxProfile.java:63)
	at org.openqa.selenium.firefox.FirefoxOptions.getProfile(FirefoxOptions.java:275)
	at org.openqa.selenium.firefox.FirefoxDriver.toExecutor(FirefoxDriver.java:225)
	at org.openqa.selenium.firefox.FirefoxDriver.<init>(FirefoxDriver.java:125)
	at org.openqa.selenium.firefox.FirefoxDriver.<init>(FirefoxDriver.java:121)
	at com.ddf.zoho.Base.Base.openbrowser(Base.java:59)
	at com.ddf.zoho.testcases.Logintest.doLoginTest(Logintest.java:34)
	at java.util.concurrent.FutureTask.run(FutureTask.java:266)
	at java.util.concurrent.Executors$RunnableAdapter.call(Executors.java:511)
	at java.util.concurrent.FutureTask.run(FutureTask.java:266)
	at java.util.concurrent.ThreadPoolExecutor.runWorker(ThreadPoolExecutor.java:1142)
	at java.util.concurrent.ThreadPoolExecutor$Worker.run(ThreadPoolExecutor.java:617)
	at java.lang.Thread.run(Thread.java:745)
... Removed 9 stack frames]]>
    </failure>
  </testcase> <!-- doLoginTest -->
  <testcase name="CreateLeadTest" time="0.009" classname="com.ddf.zoho.testcases.LeadTest">
    <skipped/>
  </testcase> <!-- CreateLeadTest -->
  <testcase name="CreateLeadTest" time="0.011" classname="com.ddf.zoho.testcases.LeadTest">
    <skipped/>
  </testcase> <!-- CreateLeadTest -->
  <testcase name="CreateLeadTest" time="0.011" classname="com.ddf.zoho.testcases.LeadTest">
    <skipped/>
  </testcase> <!-- CreateLeadTest -->
  <testcase name="CreateLeadTest" time="0.602" classname="com.ddf.zoho.testcases.LeadTest">
    <skipped/>
  </testcase> <!-- CreateLeadTest -->
  <testcase name="CreateDealTest" time="0.008" classname="com.ddf.zoho.testcases.DealsTest">
    <skipped/>
  </testcase> <!-- CreateDealTest -->
  <testcase name="ConvertLeadTest" time="0.007" classname="com.ddf.zoho.testcases.LeadTest">
    <skipped/>
  </testcase> <!-- ConvertLeadTest -->
  <testcase name="ConvertLeadTest" time="0.012" classname="com.ddf.zoho.testcases.LeadTest">
    <skipped/>
  </testcase> <!-- ConvertLeadTest -->
  <testcase name="ConvertLeadTest" time="0.265" classname="com.ddf.zoho.testcases.LeadTest">
    <skipped/>
  </testcase> <!-- ConvertLeadTest -->
  <testcase name="ConvertLeadTest" time="0.372" classname="com.ddf.zoho.testcases.LeadTest">
    <skipped/>
  </testcase> <!-- ConvertLeadTest -->
  <testcase name="DeleteDealTest" time="0.004" classname="com.ddf.zoho.testcases.DealsTest"/>
  <testcase name="DeleteLeadAccountTest" time="0.006" classname="com.ddf.zoho.testcases.LeadTest">
    <skipped/>
  </testcase> <!-- DeleteLeadAccountTest -->
</testsuite> <!-- Test -->
